Running from: /opt/chams/jenkins.war
webroot: $user.home/.jenkins
Oct 04, 2018 6:47:38 PM org.eclipse.jetty.util.log.Log initialized
INFO: Logging initialized @758ms to org.eclipse.jetty.util.log.JavaUtilLog
Oct 04, 2018 6:47:39 PM winstone.Logger logInternal
INFO: Beginning extraction from war file
Oct 04, 2018 6:47:39 PM org.eclipse.jetty.server.handler.ContextHandler setContextPath
WARNING: Empty contextPath
Oct 04, 2018 6:47:39 PM org.eclipse.jetty.server.Server doStart
INFO: jetty-9.4.z-SNAPSHOT; built: 2018-06-05T18:24:03.829Z; git: d5fc0523cfa96bfebfbda19606cad384d772f04c; jvm 1.8.0_181-8u181-b13-0ubuntu0.16.04.1-b13
Oct 04, 2018 6:47:39 PM org.eclipse.jetty.webapp.StandardDescriptorProcessor visitServlet
INFO: NO JSP Support for /, did not find org.eclipse.jetty.jsp.JettyJspServlet
Oct 04, 2018 6:47:40 PM org.eclipse.jetty.server.session.DefaultSessionIdManager doStart
INFO: DefaultSessionIdManager workerName=node0
Oct 04, 2018 6:47:40 PM org.eclipse.jetty.server.session.DefaultSessionIdManager doStart
INFO: No SessionScavenger set, using defaults
Oct 04, 2018 6:47:40 PM org.eclipse.jetty.server.session.HouseKeeper startScavenging
INFO: node0 Scavenging every 660000ms
Jenkins home directory: /root/.jenkins found at: $user.home/.jenkins
Oct 04, 2018 6:47:40 PM org.eclipse.jetty.server.handler.ContextHandler doStart
INFO: Started w.@45385f75{Jenkins v2.138.1,/,file:///root/.jenkins/war/,AVAILABLE}{/root/.jenkins/war}
Oct 04, 2018 6:47:41 PM org.eclipse.jetty.server.AbstractConnector doStart
INFO: Started ServerConnector@4ee203eb{HTTP/1.1,[http/1.1]}{0.0.0.0:8080}
Oct 04, 2018 6:47:41 PM org.eclipse.jetty.server.Server doStart
INFO: Started @2907ms
Oct 04, 2018 6:47:41 PM winstone.Logger logInternal
INFO: Winstone Servlet Engine v4.0 running: controlPort=disabled
Oct 04, 2018 6:47:43 PM jenkins.InitReactorRunner$1 onAttained
INFO: Started initialization
Oct 04, 2018 6:47:44 PM jenkins.InitReactorRunner$1 onAttained
INFO: Listed all plugins
Oct 04, 2018 6:47:51 PM jenkins.InitReactorRunner$1 onAttained
INFO: Prepared all plugins
Oct 04, 2018 6:47:51 PM jenkins.InitReactorRunner$1 onAttained
INFO: Started all plugins
Oct 04, 2018 6:47:52 PM hudson.ExtensionFinder$GuiceFinder$FaultTolerantScope$1 error
INFO: Failed to instantiate optional component hudson.plugins.build_timeout.operations.AbortAndRestartOperation$DescriptorImpl; skipping
Oct 04, 2018 6:47:53 PM jenkins.InitReactorRunner$1 onAttained
INFO: Augmented all extensions
Oct 04, 2018 6:47:53 PM jenkins.InitReactorRunner$1 onAttained
INFO: Loaded all jobs
Oct 04, 2018 6:47:53 PM hudson.model.AsyncPeriodicWork$1 run
INFO: Started Download metadata
Oct 04, 2018 6:47:53 PM hudson.model.AsyncPeriodicWork$1 run
INFO: Finished Download metadata. 22 ms
Oct 04, 2018 6:47:54 PM org.springframework.context.support.AbstractApplicationContext prepareRefresh
INFO: Refreshing org.springframework.web.context.support.StaticWebApplicationContext@62cb6a8b: display name [Root WebApplicationContext]; startup date [Thu Oct 04 18:47:54 UTC 2018]; root of context hierarchy
Oct 04, 2018 6:47:54 PM org.springframework.context.support.AbstractApplicationContext obtainFreshBeanFactory
INFO: Bean factory for application context [org.springframework.web.context.support.StaticWebApplicationContext@62cb6a8b]: org.springframework.beans.factory.support.DefaultListableBeanFactory@597306fb
Oct 04, 2018 6:47:54 PM org.springframework.beans.factory.support.DefaultListableBeanFactory preInstantiateSingletons
INFO: Pre-instantiating singletons in org.springframework.beans.factory.support.DefaultListableBeanFactory@597306fb: defining beans [authenticationManager]; root of factory hierarchy
Oct 04, 2018 6:47:54 PM org.springframework.context.support.AbstractApplicationContext prepareRefresh
INFO: Refreshing org.springframework.web.context.support.StaticWebApplicationContext@45ea8ce3: display name [Root WebApplicationContext]; startup date [Thu Oct 04 18:47:54 UTC 2018]; root of context hierarchy
Oct 04, 2018 6:47:54 PM org.springframework.context.support.AbstractApplicationContext obtainFreshBeanFactory
INFO: Bean factory for application context [org.springframework.web.context.support.StaticWebApplicationContext@45ea8ce3]: org.springframework.beans.factory.support.DefaultListableBeanFactory@58a3fea4
Oct 04, 2018 6:47:54 PM org.springframework.beans.factory.support.DefaultListableBeanFactory preInstantiateSingletons
INFO: Pre-instantiating singletons in org.springframework.beans.factory.support.DefaultListableBeanFactory@58a3fea4: defining beans [filter,legacy]; root of factory hierarchy
Oct 04, 2018 6:47:54 PM jenkins.InitReactorRunner$1 onAttained
INFO: Completed initialization
Oct 04, 2018 6:47:54 PM hudson.WebAppMain$3 run
INFO: Jenkins is fully up and running
Oct 04, 2018 6:48:12 PM org.eclipse.jetty.server.handler.ContextHandler$Context log
WARNING: Error while serving http://172.19.80.29:8080/job/Python_Pipeline/configSubmit
java.lang.reflect.InvocationTargetException
	at org.kohsuke.stapler.Function$MethodFunction.invoke(Function.java:347)
	at org.kohsuke.stapler.interceptor.RequirePOST$Processor.invoke(RequirePOST.java:77)
	at org.kohsuke.stapler.PreInvokeInterceptedFunction.invoke(PreInvokeInterceptedFunction.java:26)
	at org.kohsuke.stapler.Function.bindAndInvoke(Function.java:184)
	at org.kohsuke.stapler.Function.bindAndInvokeAndServeResponse(Function.java:117)
	at org.kohsuke.stapler.MetaClass$1.doDispatch(MetaClass.java:129)
	at org.kohsuke.stapler.NameBasedDispatcher.dispatch(NameBasedDispatcher.java:58)
	at org.kohsuke.stapler.Stapler.tryInvoke(Stapler.java:734)
	at org.kohsuke.stapler.Stapler.invoke(Stapler.java:864)
	at org.kohsuke.stapler.MetaClass$5.doDispatch(MetaClass.java:248)
	at org.kohsuke.stapler.NameBasedDispatcher.dispatch(NameBasedDispatcher.java:58)
	at org.kohsuke.stapler.Stapler.tryInvoke(Stapler.java:734)
	at org.kohsuke.stapler.Stapler.invoke(Stapler.java:864)
	at org.kohsuke.stapler.Stapler.invoke(Stapler.java:668)
	at org.kohsuke.stapler.Stapler.service(Stapler.java:238)
	at javax.servlet.http.HttpServlet.service(HttpServlet.java:790)
	at org.eclipse.jetty.servlet.ServletHolder.handle(ServletHolder.java:865)
	at org.eclipse.jetty.servlet.ServletHandler$CachedChain.doFilter(ServletHandler.java:1655)
	at hudson.util.PluginServletFilter$1.doFilter(PluginServletFilter.java:154)
	at hudson.util.PluginServletFilter.doFilter(PluginServletFilter.java:157)
	at org.eclipse.jetty.servlet.ServletHandler$CachedChain.doFilter(ServletHandler.java:1642)
	at hudson.security.csrf.CrumbFilter.doFilter(CrumbFilter.java:99)
	at org.eclipse.jetty.servlet.ServletHandler$CachedChain.doFilter(ServletHandler.java:1642)
	at hudson.security.ChainedServletFilter$1.doFilter(ChainedServletFilter.java:84)
	at hudson.security.UnwrapSecurityExceptionFilter.doFilter(UnwrapSecurityExceptionFilter.java:51)
	at hudson.security.ChainedServletFilter$1.doFilter(ChainedServletFilter.java:87)
	at jenkins.security.ExceptionTranslationFilter.doFilter(ExceptionTranslationFilter.java:117)
	at hudson.security.ChainedServletFilter$1.doFilter(ChainedServletFilter.java:87)
	at org.acegisecurity.providers.anonymous.AnonymousProcessingFilter.doFilter(AnonymousProcessingFilter.java:125)
	at hudson.security.ChainedServletFilter$1.doFilter(ChainedServletFilter.java:87)
	at org.acegisecurity.ui.rememberme.RememberMeProcessingFilter.doFilter(RememberMeProcessingFilter.java:142)
	at hudson.security.ChainedServletFilter$1.doFilter(ChainedServletFilter.java:87)
	at org.acegisecurity.ui.AbstractProcessingFilter.doFilter(AbstractProcessingFilter.java:271)
	at hudson.security.ChainedServletFilter$1.doFilter(ChainedServletFilter.java:87)
	at jenkins.security.BasicHeaderProcessor.doFilter(BasicHeaderProcessor.java:93)
	at hudson.security.ChainedServletFilter$1.doFilter(ChainedServletFilter.java:87)
	at org.acegisecurity.context.HttpSessionContextIntegrationFilter.doFilter(HttpSessionContextIntegrationFilter.java:249)
	at hudson.security.HttpSessionContextIntegrationFilter2.doFilter(HttpSessionContextIntegrationFilter2.java:67)
	at hudson.security.ChainedServletFilter$1.doFilter(ChainedServletFilter.java:87)
	at hudson.security.ChainedServletFilter.doFilter(ChainedServletFilter.java:90)
	at hudson.security.HudsonFilter.doFilter(HudsonFilter.java:171)
	at org.eclipse.jetty.servlet.ServletHandler$CachedChain.doFilter(ServletHandler.java:1642)
	at org.kohsuke.stapler.compression.CompressionFilter.doFilter(CompressionFilter.java:49)
	at org.eclipse.jetty.servlet.ServletHandler$CachedChain.doFilter(ServletHandler.java:1642)
	at hudson.util.CharacterEncodingFilter.doFilter(CharacterEncodingFilter.java:82)
	at org.eclipse.jetty.servlet.ServletHandler$CachedChain.doFilter(ServletHandler.java:1642)
	at org.kohsuke.stapler.DiagnosticThreadNameFilter.doFilter(DiagnosticThreadNameFilter.java:30)
	at org.eclipse.jetty.servlet.ServletHandler$CachedChain.doFilter(ServletHandler.java:1642)
	at org.eclipse.jetty.servlet.ServletHandler.doHandle(ServletHandler.java:533)
	at org.eclipse.jetty.server.handler.ScopedHandler.handle(ScopedHandler.java:146)
	at org.eclipse.jetty.security.SecurityHandler.handle(SecurityHandler.java:524)
	at org.eclipse.jetty.server.handler.HandlerWrapper.handle(HandlerWrapper.java:132)
	at org.eclipse.jetty.server.handler.ScopedHandler.nextHandle(ScopedHandler.java:257)
	at org.eclipse.jetty.server.session.SessionHandler.doHandle(SessionHandler.java:1595)
	at org.eclipse.jetty.server.handler.ScopedHandler.nextHandle(ScopedHandler.java:255)
	at org.eclipse.jetty.server.handler.ContextHandler.doHandle(ContextHandler.java:1317)
	at org.eclipse.jetty.server.handler.ScopedHandler.nextScope(ScopedHandler.java:203)
	at org.eclipse.jetty.servlet.ServletHandler.doScope(ServletHandler.java:473)
	at org.eclipse.jetty.server.session.SessionHandler.doScope(SessionHandler.java:1564)
	at org.eclipse.jetty.server.handler.ScopedHandler.nextScope(ScopedHandler.java:201)
	at org.eclipse.jetty.server.handler.ContextHandler.doScope(ContextHandler.java:1219)
	at org.eclipse.jetty.server.handler.ScopedHandler.handle(ScopedHandler.java:144)
	at org.eclipse.jetty.server.handler.HandlerWrapper.handle(HandlerWrapper.java:132)
	at org.eclipse.jetty.server.Server.handle(Server.java:531)
	at org.eclipse.jetty.server.HttpChannel.handle(HttpChannel.java:352)
	at org.eclipse.jetty.server.HttpConnection.onFillable(HttpConnection.java:260)
	at org.eclipse.jetty.io.AbstractConnection$ReadCallback.succeeded(AbstractConnection.java:281)
	at org.eclipse.jetty.io.FillInterest.fillable(FillInterest.java:102)
	at org.eclipse.jetty.io.ChannelEndPoint$2.run(ChannelEndPoint.java:118)
	at org.eclipse.jetty.util.thread.strategy.EatWhatYouKill.runTask(EatWhatYouKill.java:333)
	at org.eclipse.jetty.util.thread.strategy.EatWhatYouKill.doProduce(EatWhatYouKill.java:310)
	at org.eclipse.jetty.util.thread.strategy.EatWhatYouKill.tryProduce(EatWhatYouKill.java:168)
	at org.eclipse.jetty.util.thread.strategy.EatWhatYouKill.run(EatWhatYouKill.java:126)
	at org.eclipse.jetty.util.thread.ReservedThreadExecutor$ReservedThread.run(ReservedThreadExecutor.java:366)
	at winstone.BoundedExecutorService.lambda$scheduleNext$0(BoundedExecutorService.java:80)
	at java.util.concurrent.ThreadPoolExecutor.runWorker(ThreadPoolExecutor.java:1149)
	at java.util.concurrent.ThreadPoolExecutor$Worker.run(ThreadPoolExecutor.java:624)
	at java.lang.Thread.run(Thread.java:748)
Caused by: net.sf.json.JSONException: JSONObject["description"] not found.
	at net.sf.json.JSONObject.getString(JSONObject.java:2040)
	at com.cloudbees.hudson.plugins.folder.AbstractFolder.doConfigSubmit(AbstractFolder.java:1331)
	at com.cloudbees.hudson.plugins.folder.computed.ComputedFolder.doConfigSubmit(ComputedFolder.java:403)
	at java.lang.invoke.MethodHandle.invokeWithArguments(MethodHandle.java:627)
	at org.kohsuke.stapler.Function$MethodFunction.invoke(Function.java:343)
	... 77 more

